# JRE version: Java(TM) SE Runtime Environment (8.0_25-b17) (build 1.8.0_25-b17)
# Java VM: Java HotSpot(TM) 64-Bit Server VM (25.25-b02 mixed mode bsd-amd64 compressed oops)
Heap:
 PSYoungGen      total 63488K, used 55808K [0x00000007bab00000, 0x00000007bf080000, 0x00000007c0000000)
  eden space 55808K, 100% used [0x00000007bab00000,0x00000007be180000,0x00000007be180000)
  from space 7680K, 0% used [0x00000007be900000,0x00000007be900000,0x00000007bf080000)
  to   space 7680K, 0% used [0x00000007be180000,0x00000007be180000,0x00000007be900000)
 ParOldGen       total 175104K, used 174901K [0x00000007b0000000, 0x00000007bab00000, 0x00000007bab00000)
  object space 175104K, 99% used [0x00000007b0000000,0x00000007baacd728,0x00000007bab00000)
 Metaspace       used 195054K, capacity 330017K, committed 449328K, reserved 1384448K
  class space    used 58976K, capacity 81055K, committed 115064K, reserved 1048576K
GC Heap History (10 events):
Event: 1045.053 GC heap after
Heap after GC invocations=485 (full 29):
 PSYoungGen      total 63488K, used 66K [0x00000007bab00000, 0x00000007bf080000, 0x00000007c0000000)
  eden space 55808K, 0% used [0x00000007bab00000,0x00000007bab10890,0x00000007be180000)
  from space 7680K, 0% used [0x00000007be900000,0x00000007be900000,0x00000007bf080000)
  to   space 7680K, 0% used [0x00000007be180000,0x00000007be180000,0x00000007be900000)
 ParOldGen       total 175104K, used 175045K [0x00000007b0000000, 0x00000007bab00000, 0x00000007bab00000)
  object space 175104K, 99% used [0x00000007b0000000,0x00000007baaf1798,0x00000007bab00000)
 Metaspace       used 206411K, capacity 356291K, committed 449328K, reserved 1384448K
  class space    used 61945K, capacity 85139K, committed 115064K, reserved 1048576K
}
Event: 1048.466 GC heap before
{Heap before GC invocations=486 (full 30):
 PSYoungGen      total 63488K, used 55808K [0x00000007bab00000, 0x00000007bf080000, 0x00000007c0000000)
  eden space 55808K, 100% used [0x00000007bab00000,0x00000007be180000,0x00000007be180000)
  from space 7680K, 0% used [0x00000007be900000,0x00000007be900000,0x00000007bf080000)
  to   space 7680K, 0% used [0x00000007be180000,0x00000007be180000,0x00000007be900000)
 ParOldGen       total 175104K, used 175045K [0x00000007b0000000, 0x00000007bab00000, 0x00000007bab00000)
  object space 175104K, 99% used [0x00000007b0000000,0x00000007baaf1798,0x00000007bab00000)
 Metaspace       used 206996K, capacity 357279K, committed 449328K, reserved 1384448K
  class space    used 62175K, capacity 85455K, committed 115064K, reserved 1048576K
Event: 1049.204 GC heap after
Heap after GC invocations=486 (full 30):
 PSYoungGen      total 63488K, used 405K [0x00000007bab00000, 0x00000007bf080000, 0x00000007c0000000)
  eden space 55808K, 0% used [0x00000007bab00000,0x00000007bab654a0,0x00000007be180000)
  from space 7680K, 0% used [0x00000007be900000,0x00000007be900000,0x00000007bf080000)
  to   space 7680K, 0% used [0x00000007be180000,0x00000007be180000,0x00000007be900000)
 ParOldGen       total 175104K, used 175083K [0x00000007b0000000, 0x00000007bab00000, 0x00000007bab00000)
  object space 175104K, 99% used [0x00000007b0000000,0x00000007baafae30,0x00000007bab00000)
 Metaspace       used 206920K, capacity 357175K, committed 449328K, reserved 1384448K
  class space    used 62140K, capacity 85407K, committed 115064K, reserved 1048576K
}
Event: 1051.965 GC heap before
{Heap before GC invocations=487 (full 31):
 PSYoungGen      total 63488K, used 55808K [0x00000007bab00000, 0x00000007bf080000, 0x00000007c0000000)
  eden space 55808K, 100% used [0x00000007bab00000,0x00000007be180000,0x00000007be180000)
  from space 7680K, 0% used [0x00000007be900000,0x00000007be900000,0x00000007bf080000)
  to   space 7680K, 0% used [0x00000007be180000,0x00000007be180000,0x00000007be900000)
 ParOldGen       total 175104K, used 175083K [0x00000007b0000000, 0x00000007bab00000, 0x00000007bab00000)
  object space 175104K, 99% used [0x00000007b0000000,0x00000007baafae30,0x00000007bab00000)
 Metaspace       used 207797K, capacity 358757K, committed 449328K, reserved 1384448K
  class space    used 62462K, capacity 85852K, committed 115064K, reserved 1048576K
Event: 1052.499 GC heap after
Heap after GC invocations=487 (full 31):
 PSYoungGen      total 63488K, used 717K [0x00000007bab00000, 0x00000007bf080000, 0x00000007c0000000)
  eden space 55808K, 1% used [0x00000007bab00000,0x00000007babb36a8,0x00000007be180000)
  from space 7680K, 0% used [0x00000007be900000,0x00000007be900000,0x00000007bf080000)
  to   space 7680K, 0% used [0x00000007be180000,0x00000007be180000,0x00000007be900000)
 ParOldGen       total 175104K, used 175082K [0x00000007b0000000, 0x00000007bab00000, 0x00000007bab00000)
  object space 175104K, 99% used [0x00000007b0000000,0x00000007baafab68,0x00000007bab00000)
 Metaspace       used 207660K, capacity 358583K, committed 449328K, reserved 1384448K
  class space    used 62398K, capacity 85765K, committed 115064K, reserved 1048576K
}
Event: 1058.040 GC heap before
{Heap before GC invocations=488 (full 32):
 PSYoungGen      total 63488K, used 55808K [0x00000007bab00000, 0x00000007bf080000, 0x00000007c0000000)
  eden space 55808K, 100% used [0x00000007bab00000,0x00000007be180000,0x00000007be180000)
  from space 7680K, 0% used [0x00000007be900000,0x00000007be900000,0x00000007bf080000)
  to   space 7680K, 0% used [0x00000007be180000,0x00000007be180000,0x00000007be900000)
 ParOldGen       total 175104K, used 175082K [0x00000007b0000000, 0x00000007bab00000, 0x00000007bab00000)
  object space 175104K, 99% used [0x00000007b0000000,0x00000007baafab68,0x00000007bab00000)
 Metaspace       used 208355K, capacity 359833K, committed 449328K, reserved 1384448K
  class space    used 62646K, capacity 86107K, committed 115064K, reserved 1048576K
Event: 1059.091 GC heap after
Heap after GC invocations=488 (full 32):
 PSYoungGen      total 63488K, used 454K [0x00000007bab00000, 0x00000007bf080000, 0x00000007c0000000)
  eden space 55808K, 0% used [0x00000007bab00000,0x00000007bab71aa8,0x00000007be180000)
  from space 7680K, 0% used [0x00000007be900000,0x00000007be900000,0x00000007bf080000)
  to   space 7680K, 0% used [0x00000007be180000,0x00000007be180000,0x00000007be900000)
 ParOldGen       total 175104K, used 175063K [0x00000007b0000000, 0x00000007bab00000, 0x00000007bab00000)
  object space 175104K, 99% used [0x00000007b0000000,0x00000007baaf5c48,0x00000007bab00000)
 Metaspace       used 204133K, capacity 351883K, committed 449328K, reserved 1384448K
  class space    used 61181K, capacity 84090K, committed 115064K, reserved 1048576K
}
Event: 1060.178 GC heap before
{Heap before GC invocations=489 (full 33):
 PSYoungGen      total 63488K, used 55808K [0x00000007bab00000, 0x00000007bf080000, 0x00000007c0000000)
  eden space 55808K, 100% used [0x00000007bab00000,0x00000007be180000,0x00000007be180000)
  from space 7680K, 0% used [0x00000007be900000,0x00000007be900000,0x00000007bf080000)
  to   space 7680K, 0% used [0x00000007be180000,0x00000007be180000,0x00000007be900000)
 ParOldGen       total 175104K, used 175063K [0x00000007b0000000, 0x00000007bab00000, 0x00000007bab00000)
  object space 175104K, 99% used [0x00000007b0000000,0x00000007baaf5c48,0x00000007bab00000)
 Metaspace       used 206145K, capacity 354877K, committed 449328K, reserved 1384448K
  class space    used 62051K, capacity 85287K, committed 115064K, reserved 1048576K
Event: 1060.989 GC heap after
Heap after GC invocations=489 (full 33):
 PSYoungGen      total 63488K, used 0K [0x00000007bab00000, 0x00000007bf080000, 0x00000007c0000000)
  eden space 55808K, 0% used [0x00000007bab00000,0x00000007bab00000,0x00000007be180000)
  from space 7680K, 0% used [0x00000007be900000,0x00000007be900000,0x00000007bf080000)
  to   space 7680K, 0% used [0x00000007be180000,0x00000007be180000,0x00000007be900000)
 ParOldGen       total 175104K, used 174901K [0x00000007b0000000, 0x00000007bab00000, 0x00000007bab00000)
  object space 175104K, 99% used [0x00000007b0000000,0x00000007baacd728,0x00000007bab00000)
 Metaspace       used 192537K, capacity 326149K, committed 449328K, reserved 1384448K
  class space    used 57916K, capacity 79597K, committed 115064K, reserved 1048576K
}
Event: 1062.306 GC heap before
{Heap before GC invocations=490 (full 34):
 PSYoungGen      total 63488K, used 55808K [0x00000007bab00000, 0x00000007bf080000, 0x00000007c0000000)
  eden space 55808K, 100% used [0x00000007bab00000,0x00000007be180000,0x00000007be180000)
  from space 7680K, 0% used [0x00000007be900000,0x00000007be900000,0x00000007bf080000)
  to   space 7680K, 0% used [0x00000007be180000,0x00000007be180000,0x00000007be900000)
 ParOldGen       total 175104K, used 174901K [0x00000007b0000000, 0x00000007bab00000, 0x00000007bab00000)
  object space 175104K, 99% used [0x00000007b0000000,0x00000007baacd728,0x00000007bab00000)
 Metaspace       used 195054K, capacity 330017K, committed 449328K, reserved 1384448K
  class space    used 58976K, capacity 81055K, committed 115064K, reserved 1048576K

